06/10/2014 15:23:08 devpinoyLogger Test started time 03:23:08 PM
06/10/2014 15:23:08 devpinoyLogger loaded QA properties file
06/10/2014 15:23:08 devpinoyLogger loaded Object repository properties file
06/10/2014 15:23:08 devpinoyLogger loaded test repository and data repository files
06/10/2014 15:23:08 devpinoyLogger *************************************** TC01 **************************************  Skip
06/10/2014 15:23:08 devpinoyLogger Executing the test *************TC02  ***********************
06/10/2014 15:23:08 devpinoyLogger openbrowser
06/10/2014 15:23:13 devpinoyLogger Launched firefox browser 
06/10/2014 15:23:13 devpinoyLogger ************Result of execution************** Pass
06/10/2014 15:23:13 devpinoyLogger launch the browser----- openbrowser----- Pass
06/10/2014 15:23:13 devpinoyLogger navigate
06/10/2014 15:23:22 devpinoyLogger naviagted to the URL-http://www.qa3.mynewplace.com/
06/10/2014 15:23:22 devpinoyLogger ************Result of execution************** Pass
06/10/2014 15:23:22 devpinoyLogger Navigate to the mynewplace application----- navigate----- Pass
06/10/2014 15:23:22 devpinoyLogger click
06/10/2014 15:23:22 devpinoyLogger clicked on link -blog
06/10/2014 15:23:22 devpinoyLogger ************Result of execution************** Pass
06/10/2014 15:23:22 devpinoyLogger click on blog menu----- click----- Pass
06/10/2014 15:23:22 devpinoyLogger isElementpresent
06/10/2014 15:23:23 devpinoyLogger element present in the pagelatestphotos
06/10/2014 15:23:23 devpinoyLogger ************Result of execution************** Pass
06/10/2014 15:23:23 devpinoyLogger Veryify latestphotos  link exists in the page----- isElementpresent----- Pass
06/10/2014 15:23:23 devpinoyLogger isElementpresent
06/10/2014 15:23:23 devpinoyLogger element present in the pageappartmentlifestyle
06/10/2014 15:23:23 devpinoyLogger ************Result of execution************** Pass
06/10/2014 15:23:23 devpinoyLogger Verify appartment lifestyle link exists in the page----- isElementpresent----- Pass
06/10/2014 15:23:23 devpinoyLogger isElementpresent
06/10/2014 15:23:23 devpinoyLogger element present in the pagerentersguide
06/10/2014 15:23:23 devpinoyLogger ************Result of execution************** Pass
06/10/2014 15:23:23 devpinoyLogger Verify  rentersguide link exists in the page----- isElementpresent----- Pass
06/10/2014 15:23:23 devpinoyLogger close
06/10/2014 15:23:23 devpinoyLogger closed the browser -
06/10/2014 15:23:23 devpinoyLogger ************Result of execution************** Pass
06/10/2014 15:23:23 devpinoyLogger Close the browser----- close----- Pass
06/10/2014 15:23:23 devpinoyLogger *************************************** TC02 **************************************  Pass
06/10/2014 15:23:23 devpinoyLogger *************************************** TC03 **************************************  Skip
06/10/2014 15:23:23 devpinoyLogger *************************************** TC04 **************************************  Skip
06/10/2014 15:23:23 devpinoyLogger *************************************** TC05 **************************************  Skip
06/10/2014 15:23:23 devpinoyLogger *************************************** TC06 **************************************  Skip
06/10/2014 15:23:23 devpinoyLogger *************************************** TC07 **************************************  Skip
06/10/2014 15:23:23 devpinoyLogger *************************************** TC08 **************************************  Skip
06/10/2014 15:23:23 devpinoyLogger *************************************** TC09 **************************************  Skip
06/10/2014 15:23:23 devpinoyLogger *************************************** TC10 **************************************  Skip
06/10/2014 15:23:23 devpinoyLogger *************************************** TC11 **************************************  Skip
06/10/2014 15:23:23 devpinoyLogger *************************************** TC12 **************************************  Skip
06/10/2014 15:23:23 devpinoyLogger *************************************** TC13 **************************************  Skip
06/10/2014 15:23:23 devpinoyLogger *************************************** TC14 **************************************  Skip
06/10/2014 15:23:23 devpinoyLogger *************************************** TC15 **************************************  Skip
06/10/2014 15:23:23 devpinoyLogger *************************************** TC16 **************************************  Skip
06/10/2014 15:23:23 devpinoyLogger *************************************** TC17 **************************************  Skip
06/10/2014 15:23:23 devpinoyLogger *************************************** TC18 **************************************  Skip
06/10/2014 15:23:23 devpinoyLogger *************************************** TC19 **************************************  Skip
06/10/2014 15:23:23 devpinoyLogger *************************************** TC20 **************************************  Skip
06/10/2014 15:23:23 devpinoyLogger Test suite end time 03:23:23 PM
