06/10/2014 14:11:33 devpinoyLogger Test started time 02:11:33 PM
06/10/2014 14:11:33 devpinoyLogger loaded QA properties file
06/10/2014 14:11:33 devpinoyLogger loaded Object repository properties file
06/10/2014 14:11:33 devpinoyLogger loaded test repository and data repository files
06/10/2014 14:11:33 devpinoyLogger *************************************** TC01 **************************************  Skip
06/10/2014 14:11:33 devpinoyLogger Executing the test *************TC02  ***********************
06/10/2014 14:11:33 devpinoyLogger openbrowser
06/10/2014 14:11:41 devpinoyLogger Launched firefox browser 
06/10/2014 14:11:41 devpinoyLogger ************Result of execution************** Pass
06/10/2014 14:11:41 devpinoyLogger launch the browser----- openbrowser----- Pass
06/10/2014 14:11:41 devpinoyLogger navigate
06/10/2014 14:11:51 devpinoyLogger naviagted to the URL-http://www.qa3.mynewplace.com/
06/10/2014 14:11:51 devpinoyLogger ************Result of execution************** Pass
06/10/2014 14:11:51 devpinoyLogger Navigate to the mynewplace application----- navigate----- Pass
06/10/2014 14:11:51 devpinoyLogger click
06/10/2014 14:11:51 devpinoyLogger clicked on link -blog
06/10/2014 14:11:51 devpinoyLogger ************Result of execution************** Pass
06/10/2014 14:11:51 devpinoyLogger click on blog menu----- click----- Pass
06/10/2014 14:11:51 devpinoyLogger isElementpresent
06/10/2014 14:11:51 devpinoyLogger element present in the pagelatestphotos
06/10/2014 14:11:51 devpinoyLogger ************Result of execution************** Pass
06/10/2014 14:11:51 devpinoyLogger Veryify latestphotos  link exists in the page----- isElementpresent----- Pass
06/10/2014 14:11:51 devpinoyLogger isElementpresent
06/10/2014 14:11:51 devpinoyLogger element present in the pageappartmentlifestyle
06/10/2014 14:11:51 devpinoyLogger ************Result of execution************** Pass
06/10/2014 14:11:51 devpinoyLogger Verify appartment lifestyle link exists in the page----- isElementpresent----- Pass
06/10/2014 14:11:51 devpinoyLogger isElementpresent
06/10/2014 14:11:51 devpinoyLogger element present in the pagerentersguide
06/10/2014 14:11:51 devpinoyLogger ************Result of execution************** Pass
06/10/2014 14:11:51 devpinoyLogger Verify  rentersguide link exists in the page----- isElementpresent----- Pass
06/10/2014 14:11:51 devpinoyLogger close
06/10/2014 14:11:51 devpinoyLogger closed the browser -
06/10/2014 14:11:51 devpinoyLogger ************Result of execution************** Pass
06/10/2014 14:11:51 devpinoyLogger Close the browser----- close----- Pass
06/10/2014 14:11:51 devpinoyLogger *************************************** TC02 **************************************  Pass
06/10/2014 14:11:51 devpinoyLogger *************************************** TC03 **************************************  Skip
06/10/2014 14:11:51 devpinoyLogger *************************************** TC04 **************************************  Skip
06/10/2014 14:11:51 devpinoyLogger *************************************** TC05 **************************************  Skip
06/10/2014 14:11:51 devpinoyLogger *************************************** TC06 **************************************  Skip
06/10/2014 14:11:51 devpinoyLogger Executing the test *************TC07  ***********************
06/10/2014 14:11:51 devpinoyLogger openbrowser
06/10/2014 14:11:55 devpinoyLogger Launched firefox browser 
06/10/2014 14:11:55 devpinoyLogger ************Result of execution************** Pass
06/10/2014 14:11:55 devpinoyLogger launch the browser----- openbrowser----- Pass
06/10/2014 14:11:55 devpinoyLogger navigate
06/10/2014 14:12:00 devpinoyLogger naviagted to the URL-http:ccs.qa3.myleasestar.com/
06/10/2014 14:12:00 devpinoyLogger ************Result of execution************** Pass
06/10/2014 14:12:00 devpinoyLogger Navigate to the mynewplace application----- navigate----- Pass
06/10/2014 14:12:00 devpinoyLogger waitproperty
06/10/2014 14:12:00 devpinoyLogger wait for the application to load-30
06/10/2014 14:12:00 devpinoyLogger ************Result of execution************** Pass
06/10/2014 14:12:00 devpinoyLogger Wait to load the page----- waitproperty----- Pass
06/10/2014 14:12:00 devpinoyLogger sendkeys
06/10/2014 14:12:00 devpinoyLogger Entered Value on textbox -CCS_Username
06/10/2014 14:12:00 devpinoyLogger ************Result of execution************** Pass
06/10/2014 14:12:00 devpinoyLogger Enter the Email Address in UserName Field----- sendkeys----- Pass
06/10/2014 14:12:00 devpinoyLogger sendkeys
06/10/2014 14:12:00 devpinoyLogger Entered Value on textbox -CCS_Password
06/10/2014 14:12:00 devpinoyLogger ************Result of execution************** Pass
06/10/2014 14:12:00 devpinoyLogger Enter the Password in Password Field----- sendkeys----- Pass
06/10/2014 14:12:00 devpinoyLogger click
06/10/2014 14:12:02 devpinoyLogger clicked on link -CCS_Signin
06/10/2014 14:12:02 devpinoyLogger ************Result of execution************** Pass
06/10/2014 14:12:02 devpinoyLogger Click on Sign on Button----- click----- Pass
06/10/2014 14:12:02 devpinoyLogger isElementpresent
06/10/2014 14:12:02 devpinoyLogger element present in the pageCCS_HeaderPage
06/10/2014 14:12:02 devpinoyLogger ************Result of execution************** Pass
06/10/2014 14:12:02 devpinoyLogger Verify the Home Page display----- isElementpresent----- Pass
06/10/2014 14:12:02 devpinoyLogger click
06/10/2014 14:12:03 devpinoyLogger clicked on link -CCS_NewCompanyLink
06/10/2014 14:12:03 devpinoyLogger ************Result of execution************** Pass
06/10/2014 14:12:03 devpinoyLogger Click on New Contact Link----- click----- Pass
06/10/2014 14:12:03 devpinoyLogger selectItembyOptiontag
06/10/2014 14:12:04 devpinoyLogger ************Result of execution************** Pass
06/10/2014 14:12:04 devpinoyLogger Select the FirstNamePrefix----- selectItembyOptiontag----- Pass
06/10/2014 14:12:04 devpinoyLogger sendkeys
06/10/2014 14:12:04 devpinoyLogger Entered Value on textbox -CCS_ContactFirstName
06/10/2014 14:12:04 devpinoyLogger ************Result of execution************** Pass
06/10/2014 14:12:04 devpinoyLogger Enter the FirstName----- sendkeys----- Pass
06/10/2014 14:12:04 devpinoyLogger sendkeys
06/10/2014 14:12:04 devpinoyLogger Entered Value on textbox -CCS_ContactLastName
06/10/2014 14:12:04 devpinoyLogger ************Result of execution************** Pass
06/10/2014 14:12:04 devpinoyLogger Enter the Last Name----- sendkeys----- Pass
06/10/2014 14:12:04 devpinoyLogger capturecurrentwindow
06/10/2014 14:12:04 devpinoyLogger Captured the window Name as -{8067466a-eef1-4306-a2b5-de242f789dbf}
06/10/2014 14:12:04 devpinoyLogger ************Result of execution************** Pass
06/10/2014 14:12:04 devpinoyLogger Capturing the CurrentWindowName----- capturecurrentwindow----- Pass
06/10/2014 14:12:04 devpinoyLogger click
06/10/2014 14:12:04 devpinoyLogger clicked on link -CCS_ContactCompanySearch
06/10/2014 14:12:04 devpinoyLogger ************Result of execution************** Pass
06/10/2014 14:12:04 devpinoyLogger Click on Search Company Icon----- click----- Pass
06/10/2014 14:12:04 devpinoyLogger switchtowindow
06/10/2014 14:12:14 devpinoyLogger Switched to the new window-LeaseStar CCS - ContactLookupAssign
06/10/2014 14:12:14 devpinoyLogger ************Result of execution************** Pass
06/10/2014 14:12:14 devpinoyLogger Switch to Another Window----- switchtowindow----- Pass
06/10/2014 14:12:14 devpinoyLogger sendkeys
06/10/2014 14:12:14 devpinoyLogger Entered Value on textbox -CCS_WindowSearchtheCompany
06/10/2014 14:12:14 devpinoyLogger ************Result of execution************** Pass
06/10/2014 14:12:14 devpinoyLogger Enter the Searche Copmany----- sendkeys----- Pass
06/10/2014 14:12:14 devpinoyLogger click
06/10/2014 14:12:15 devpinoyLogger clicked on link -CCS_Search
06/10/2014 14:12:15 devpinoyLogger ************Result of execution************** Pass
06/10/2014 14:12:15 devpinoyLogger Click on Search Button----- click----- Pass
06/10/2014 14:12:15 devpinoyLogger click
06/10/2014 14:12:15 devpinoyLogger clicked on link -CCS_SearchCompany
06/10/2014 14:12:15 devpinoyLogger ************Result of execution************** Pass
06/10/2014 14:12:15 devpinoyLogger Click on Company----- click----- Pass
06/10/2014 14:12:15 devpinoyLogger switchtodefaultwindow
06/10/2014 14:12:15 devpinoyLogger Switched to defaulte window-{8067466a-eef1-4306-a2b5-de242f789dbf}
06/10/2014 14:12:15 devpinoyLogger ************Result of execution************** Pass
06/10/2014 14:12:15 devpinoyLogger Switch to the default window----- switchtodefaultwindow----- Pass
06/10/2014 14:12:15 devpinoyLogger selectItembyOptiontag
06/10/2014 14:12:16 devpinoyLogger ************Result of execution************** Pass
06/10/2014 14:12:16 devpinoyLogger Select role----- selectItembyOptiontag----- Pass
06/10/2014 14:12:16 devpinoyLogger randomMailId
06/10/2014 14:12:16 devpinoyLogger Enter test in the  email textbox -testmail1412584936455@gmail.com
06/10/2014 14:12:16 devpinoyLogger ************Result of execution************** Pass
06/10/2014 14:12:16 devpinoyLogger Enter the Email Address in Email Id Field----- randomMailId----- Pass
06/10/2014 14:12:16 devpinoyLogger getattribute
06/10/2014 14:12:16 devpinoyLogger Stored text testmail1412584936382@gmail.com
06/10/2014 14:12:16 devpinoyLogger ************Result of execution************** Pass
06/10/2014 14:12:16 devpinoyLogger Capturing the Email Id----- getattribute----- Pass
06/10/2014 14:12:16 devpinoyLogger sendkeys
06/10/2014 14:12:16 devpinoyLogger Entered Value on textbox -CCS_ContactPhoneNumber
06/10/2014 14:12:16 devpinoyLogger ************Result of execution************** Pass
06/10/2014 14:12:16 devpinoyLogger Enter the Phone Number----- sendkeys----- Pass
06/10/2014 14:12:16 devpinoyLogger sendkeys
06/10/2014 14:12:16 devpinoyLogger Entered Value on textbox -CCS_ContactMobileNumber
06/10/2014 14:12:16 devpinoyLogger ************Result of execution************** Pass
06/10/2014 14:12:16 devpinoyLogger Enter the Mobile Number----- sendkeys----- Pass
06/10/2014 14:12:16 devpinoyLogger sendkeys
06/10/2014 14:12:16 devpinoyLogger Entered Value on textbox -CCS_AttenlineEditField
06/10/2014 14:12:16 devpinoyLogger ************Result of execution************** Pass
06/10/2014 14:12:16 devpinoyLogger Enter the CareofAddress----- sendkeys----- Pass
06/10/2014 14:12:16 devpinoyLogger sendkeys
06/10/2014 14:12:16 devpinoyLogger Entered Value on textbox -CCS_ContactAddress1Field
06/10/2014 14:12:16 devpinoyLogger ************Result of execution************** Pass
06/10/2014 14:12:16 devpinoyLogger Enter the Address1Field----- sendkeys----- Pass
06/10/2014 14:12:16 devpinoyLogger sendkeys
06/10/2014 14:12:16 devpinoyLogger Entered Value on textbox -CCS_ContactAddress2Field
06/10/2014 14:12:16 devpinoyLogger ************Result of execution************** Pass
06/10/2014 14:12:16 devpinoyLogger Enter the Address2 Field----- sendkeys----- Pass
06/10/2014 14:12:16 devpinoyLogger sendkeys
06/10/2014 14:12:16 devpinoyLogger Entered Value on textbox -CCS_ContactCity
06/10/2014 14:12:16 devpinoyLogger ************Result of execution************** Pass
06/10/2014 14:12:16 devpinoyLogger Enter the City----- sendkeys----- Pass
06/10/2014 14:12:16 devpinoyLogger selectItembyOptiontag
06/10/2014 14:12:17 devpinoyLogger ************Result of execution************** Pass
06/10/2014 14:12:17 devpinoyLogger Select the State----- selectItembyOptiontag----- Pass
06/10/2014 14:12:17 devpinoyLogger sendkeys
06/10/2014 14:12:17 devpinoyLogger Entered Value on textbox -CCS_ContactZipcode
06/10/2014 14:12:17 devpinoyLogger ************Result of execution************** Pass
06/10/2014 14:12:17 devpinoyLogger Enter the Zipcode----- sendkeys----- Pass
06/10/2014 14:12:17 devpinoyLogger sendkeys
06/10/2014 14:12:17 devpinoyLogger Entered Value on textbox -CCS_ContactNotes
06/10/2014 14:12:17 devpinoyLogger ************Result of execution************** Pass
06/10/2014 14:12:17 devpinoyLogger Enter the Notes----- sendkeys----- Pass
06/10/2014 14:12:17 devpinoyLogger click
06/10/2014 14:12:17 devpinoyLogger clicked on link -CCS_ContactSave
06/10/2014 14:12:17 devpinoyLogger ************Result of execution************** Pass
06/10/2014 14:12:17 devpinoyLogger Click on Save Button----- click----- Pass
06/10/2014 14:12:17 devpinoyLogger sleep
06/10/2014 14:12:20 devpinoyLogger wait for the application to load-3000
06/10/2014 14:12:20 devpinoyLogger ************Result of execution************** Pass
06/10/2014 14:12:20 devpinoyLogger Wait ----- sleep----- Pass
06/10/2014 14:12:20 devpinoyLogger activateElement
06/10/2014 14:12:21 devpinoyLogger Enter the element status - Element is  Activated
06/10/2014 14:12:21 devpinoyLogger ************Result of execution************** Pass
06/10/2014 14:12:21 devpinoyLogger Click on Ok Button----- activateElement----- Pass
06/10/2014 14:12:21 devpinoyLogger switchtodefaultwindow
06/10/2014 14:12:21 devpinoyLogger Switched to defaulte window-null
06/10/2014 14:12:21 devpinoyLogger ************Result of execution************** Pass
06/10/2014 14:12:21 devpinoyLogger Switching to the Default window----- switchtodefaultwindow----- Pass
06/10/2014 14:12:21 devpinoyLogger click
06/10/2014 14:12:32 devpinoyLogger clicked on link -CCS_ContactSave
06/10/2014 14:12:32 devpinoyLogger ************Result of execution************** Pass
06/10/2014 14:12:32 devpinoyLogger Click on Save Button----- click----- Pass
06/10/2014 14:12:32 devpinoyLogger click
06/10/2014 14:12:33 devpinoyLogger clicked on link -CCS_ContactEdit
06/10/2014 14:12:33 devpinoyLogger ************Result of execution************** Pass
06/10/2014 14:12:33 devpinoyLogger Click on Edit Button----- click----- Pass
06/10/2014 14:12:33 devpinoyLogger scleartext
06/10/2014 14:12:33 devpinoyLogger Enter the element status - Data Cleared
06/10/2014 14:12:33 devpinoyLogger ************Result of execution************** Pass
06/10/2014 14:12:33 devpinoyLogger Clear the CO Address Field Text----- scleartext----- Pass
06/10/2014 14:12:33 devpinoyLogger sendkeys
06/10/2014 14:12:33 devpinoyLogger Entered Value on textbox -CCS_AttenlineEditField
06/10/2014 14:12:33 devpinoyLogger ************Result of execution************** Pass
06/10/2014 14:12:33 devpinoyLogger Enter the Edit COAddress Text----- sendkeys----- Pass
06/10/2014 14:12:33 devpinoyLogger click
06/10/2014 14:12:34 devpinoyLogger clicked on link -CCS_ContactSave
06/10/2014 14:12:34 devpinoyLogger ************Result of execution************** Pass
06/10/2014 14:12:34 devpinoyLogger Click on Save Button----- click----- Pass
06/10/2014 14:12:34 devpinoyLogger verifytext
06/10/2014 14:12:34 devpinoyLogger text exist in the pageTestCompanyNameEdit
06/10/2014 14:12:34 devpinoyLogger ************Result of execution************** Pass
06/10/2014 14:12:34 devpinoyLogger Verify the CO Address Edited Text----- verifytext----- Pass
06/10/2014 14:12:34 devpinoyLogger quit
06/10/2014 14:12:34 devpinoyLogger closed the browser -
06/10/2014 14:12:34 devpinoyLogger ************Result of execution************** Pass
06/10/2014 14:12:34 devpinoyLogger Close the Browser----- quit----- Pass
06/10/2014 14:12:34 devpinoyLogger *************************************** TC07 **************************************  Pass
06/10/2014 14:12:34 devpinoyLogger Executing the test *************TC08  ***********************
06/10/2014 14:12:34 devpinoyLogger openbrowser
06/10/2014 14:12:37 devpinoyLogger Launched firefox browser 
06/10/2014 14:12:37 devpinoyLogger ************Result of execution************** Pass
06/10/2014 14:12:37 devpinoyLogger launch the browser----- openbrowser----- Pass
06/10/2014 14:12:37 devpinoyLogger navigate
06/10/2014 14:12:44 devpinoyLogger naviagted to the URL-http:ccs.qa3.myleasestar.com/
06/10/2014 14:12:44 devpinoyLogger ************Result of execution************** Pass
06/10/2014 14:12:44 devpinoyLogger Navigate to the mynewplace application----- navigate----- Pass
06/10/2014 14:12:44 devpinoyLogger waitproperty
06/10/2014 14:12:44 devpinoyLogger wait for the application to load-30
06/10/2014 14:12:44 devpinoyLogger ************Result of execution************** Pass
06/10/2014 14:12:44 devpinoyLogger Wait to load the page----- waitproperty----- Pass
06/10/2014 14:12:44 devpinoyLogger sendkeys
06/10/2014 14:12:44 devpinoyLogger Entered Value on textbox -CCS_Username
06/10/2014 14:12:44 devpinoyLogger ************Result of execution************** Pass
06/10/2014 14:12:44 devpinoyLogger Enter the Email Address in UserName Field----- sendkeys----- Pass
06/10/2014 14:12:44 devpinoyLogger sendkeys
06/10/2014 14:12:44 devpinoyLogger Entered Value on textbox -CCS_Password
06/10/2014 14:12:44 devpinoyLogger ************Result of execution************** Pass
06/10/2014 14:12:44 devpinoyLogger Enter the Password in Password Field----- sendkeys----- Pass
06/10/2014 14:12:44 devpinoyLogger click
06/10/2014 14:12:45 devpinoyLogger clicked on link -CCS_Signin
06/10/2014 14:12:45 devpinoyLogger ************Result of execution************** Pass
06/10/2014 14:12:45 devpinoyLogger Click on Sign on Button----- click----- Pass
06/10/2014 14:12:45 devpinoyLogger isElementpresent
06/10/2014 14:12:45 devpinoyLogger element present in the pageCCS_HeaderPage
06/10/2014 14:12:45 devpinoyLogger ************Result of execution************** Pass
06/10/2014 14:12:45 devpinoyLogger Verify the Home Page display----- isElementpresent----- Pass
06/10/2014 14:12:45 devpinoyLogger click
06/10/2014 14:12:46 devpinoyLogger clicked on link -CCS_Addcompany
06/10/2014 14:12:46 devpinoyLogger ************Result of execution************** Pass
06/10/2014 14:12:46 devpinoyLogger Click on the Add Company----- click----- Pass
06/10/2014 14:12:46 devpinoyLogger sendkeys
06/10/2014 14:12:46 devpinoyLogger Entered Value on textbox -CCS_SearchCompanyName
06/10/2014 14:12:46 devpinoyLogger ************Result of execution************** Pass
06/10/2014 14:12:46 devpinoyLogger Enter the Company name in Search CompanyField----- sendkeys----- Pass
06/10/2014 14:12:46 devpinoyLogger click
06/10/2014 14:12:47 devpinoyLogger clicked on link -CCS_CompanySearchButton
06/10/2014 14:12:47 devpinoyLogger ************Result of execution************** Pass
06/10/2014 14:12:47 devpinoyLogger Click on Search Button----- click----- Pass
06/10/2014 14:12:47 devpinoyLogger getinnerText
06/10/2014 14:12:47 devpinoyLogger Stored text LeaseStar Demo Company
06/10/2014 14:12:47 devpinoyLogger ************Result of execution************** Pass
06/10/2014 14:12:47 devpinoyLogger Capturing the Company Name----- getinnerText----- Pass
06/10/2014 14:12:47 devpinoyLogger click
06/10/2014 14:13:35 devpinoyLogger clicked on link -CCS_DemoCompanyNameLink
06/10/2014 14:13:35 devpinoyLogger ************Result of execution************** Pass
06/10/2014 14:13:35 devpinoyLogger Click on CompanyLink----- click----- Pass
06/10/2014 14:13:35 devpinoyLogger selectajaxItemdropdown
06/10/2014 14:13:35 devpinoyLogger AjaxItem is selected null
06/10/2014 14:13:35 devpinoyLogger ************Result of execution************** Pass
06/10/2014 14:13:35 devpinoyLogger Click on PropertiesTabLink From Company Page----- selectajaxItemdropdown----- Pass
06/10/2014 14:13:35 devpinoyLogger click
06/10/2014 14:13:43 devpinoyLogger clicked on link -CCS_Addproperties
06/10/2014 14:13:43 devpinoyLogger ************Result of execution************** Pass
06/10/2014 14:13:43 devpinoyLogger Clicking on the New Properties Button----- click----- Pass
06/10/2014 14:13:43 devpinoyLogger Randomtext
06/10/2014 14:13:43 devpinoyLogger Enter test in the textbox -QASSProperty1412585023561
06/10/2014 14:13:43 devpinoyLogger ************Result of execution************** Pass
06/10/2014 14:13:43 devpinoyLogger Enter the PropertyName----- Randomtext----- Pass
06/10/2014 14:13:43 devpinoyLogger getattribute
06/10/2014 14:13:43 devpinoyLogger Stored text QASSProperty1412585023561
06/10/2014 14:13:43 devpinoyLogger ************Result of execution************** Pass
06/10/2014 14:13:43 devpinoyLogger Capturing the RandomPropertyName----- getattribute----- Pass
06/10/2014 14:13:43 devpinoyLogger clickonobjectusingcoordinates
06/10/2014 14:13:43 devpinoyLogger clicked on link -CCS_ActiveCheckBox
06/10/2014 14:13:43 devpinoyLogger ************Result of execution************** Pass
06/10/2014 14:13:43 devpinoyLogger Click on Check Box----- clickonobjectusingcoordinates----- Pass
06/10/2014 14:13:43 devpinoyLogger ExportedSetData
06/10/2014 14:13:43 devpinoyLogger Enterd the Exported text as LeaseStar Demo Company
06/10/2014 14:13:43 devpinoyLogger ************Result of execution************** Pass
06/10/2014 14:13:43 devpinoyLogger Enter the Management Company----- ExportedSetData----- Pass
06/10/2014 14:13:43 devpinoyLogger selectajaxItemdropdown
06/10/2014 14:13:48 devpinoyLogger AjaxItem is selected LeaseStar Demo Company
06/10/2014 14:13:48 devpinoyLogger ************Result of execution************** Pass
06/10/2014 14:13:48 devpinoyLogger Select the Management Company From AjaxDropList----- selectajaxItemdropdown----- Pass
06/10/2014 14:13:48 devpinoyLogger sendkeys
06/10/2014 14:13:48 devpinoyLogger Entered Value on textbox -CCS_PrimaryAddress
06/10/2014 14:13:48 devpinoyLogger ************Result of execution************** Pass
06/10/2014 14:13:48 devpinoyLogger Enter the Primary Address----- sendkeys----- Pass
06/10/2014 14:13:48 devpinoyLogger sendkeys
06/10/2014 14:13:48 devpinoyLogger Entered Value on textbox -CCS_ZIPPostalCode
06/10/2014 14:13:48 devpinoyLogger ************Result of execution************** Pass
06/10/2014 14:13:48 devpinoyLogger Enter the ZipPostal Code----- sendkeys----- Pass
06/10/2014 14:13:48 devpinoyLogger sleep
06/10/2014 14:13:51 devpinoyLogger wait for the application to load-3000
06/10/2014 14:13:51 devpinoyLogger ************Result of execution************** Pass
06/10/2014 14:13:51 devpinoyLogger Wait ----- sleep----- Pass
06/10/2014 14:13:51 devpinoyLogger selectajaxItemdropdown
06/10/2014 14:13:52 devpinoyLogger AjaxItem is selected null
06/10/2014 14:13:52 devpinoyLogger ************Result of execution************** Pass
06/10/2014 14:13:52 devpinoyLogger Select the ZipPostal From AjaxDropList----- selectajaxItemdropdown----- Pass
06/10/2014 14:13:52 devpinoyLogger sendkeys
06/10/2014 14:13:52 devpinoyLogger Entered Value on textbox -CCS_Units
06/10/2014 14:13:52 devpinoyLogger ************Result of execution************** Pass
06/10/2014 14:13:52 devpinoyLogger Enter the Units----- sendkeys----- Pass
06/10/2014 14:13:52 devpinoyLogger sendkeys
06/10/2014 14:13:57 devpinoyLogger Error while Entering Value on textbox -  CCS_PrimaryContact
06/10/2014 14:13:57 devpinoyLogger ************Result of execution************** Fail
06/10/2014 14:13:57 devpinoyLogger Enter the PrimaryContact---- sendkeys---- Fail---- D:\AutomationWorkspace\HybridFramework\Screenshots\CCS_PropertyCreationandEditProperty8_TS25_sendkeys.jpg
06/10/2014 14:13:57 devpinoyLogger *************************************** TC08 **************************************  Fail
06/10/2014 14:13:57 devpinoyLogger Executing the test *************TC09  ***********************
06/10/2014 14:13:57 devpinoyLogger openbrowser
06/10/2014 14:14:00 devpinoyLogger Launched firefox browser 
06/10/2014 14:14:00 devpinoyLogger ************Result of execution************** Pass
06/10/2014 14:14:00 devpinoyLogger launch the browser----- openbrowser----- Pass
06/10/2014 14:14:00 devpinoyLogger navigate
06/10/2014 14:14:07 devpinoyLogger naviagted to the URL-http:ccs.qa3.myleasestar.com/
06/10/2014 14:14:07 devpinoyLogger ************Result of execution************** Pass
06/10/2014 14:14:07 devpinoyLogger Navigate to the mynewplace application----- navigate----- Pass
06/10/2014 14:14:07 devpinoyLogger waitproperty
06/10/2014 14:14:07 devpinoyLogger wait for the application to load-30000
06/10/2014 14:14:07 devpinoyLogger ************Result of execution************** Pass
06/10/2014 14:14:07 devpinoyLogger Wait to load the page----- waitproperty----- Pass
06/10/2014 14:14:07 devpinoyLogger sendkeys
06/10/2014 14:14:07 devpinoyLogger Entered Value on textbox -CCS_Username
06/10/2014 14:14:07 devpinoyLogger ************Result of execution************** Pass
06/10/2014 14:14:07 devpinoyLogger Enter the Email Address in UserName Field----- sendkeys----- Pass
06/10/2014 14:14:07 devpinoyLogger sendkeys
06/10/2014 14:14:07 devpinoyLogger Entered Value on textbox -CCS_Password
06/10/2014 14:14:07 devpinoyLogger ************Result of execution************** Pass
06/10/2014 14:14:07 devpinoyLogger Enter the Password in Password Field----- sendkeys----- Pass
06/10/2014 14:14:07 devpinoyLogger click
06/10/2014 14:14:08 devpinoyLogger clicked on link -CCS_Signin
06/10/2014 14:14:08 devpinoyLogger ************Result of execution************** Pass
06/10/2014 14:14:08 devpinoyLogger Click on Sign on Button----- click----- Pass
06/10/2014 14:14:08 devpinoyLogger isElementpresent
06/10/2014 14:14:08 devpinoyLogger element present in the pageCCS_HeaderPage
06/10/2014 14:14:08 devpinoyLogger ************Result of execution************** Pass
06/10/2014 14:14:08 devpinoyLogger Verify the Home Page display----- isElementpresent----- Pass
06/10/2014 14:14:08 devpinoyLogger click
06/10/2014 14:14:10 devpinoyLogger clicked on link -CCS_PropertiesTab
06/10/2014 14:14:10 devpinoyLogger ************Result of execution************** Pass
06/10/2014 14:14:10 devpinoyLogger Click on Properties Tab----- click----- Pass
06/10/2014 14:14:10 devpinoyLogger isrefreshed
06/10/2014 14:14:18 devpinoyLogger Driver Got refreshed
06/10/2014 14:14:18 devpinoyLogger ************Result of execution************** Pass
06/10/2014 14:14:18 devpinoyLogger Refresh the browser----- isrefreshed----- Pass
06/10/2014 14:14:18 devpinoyLogger ExportedSetData
06/10/2014 14:14:18 devpinoyLogger Enterd the Exported text as QASSProperty1412585023561
06/10/2014 14:14:18 devpinoyLogger ************Result of execution************** Pass
06/10/2014 14:14:18 devpinoyLogger Enter the Created Property----- ExportedSetData----- Pass
06/10/2014 14:14:18 devpinoyLogger click
06/10/2014 14:14:21 devpinoyLogger clicked on link -CCS_SearchProperty
06/10/2014 14:14:21 devpinoyLogger ************Result of execution************** Pass
06/10/2014 14:14:21 devpinoyLogger Click on Search Property Button----- click----- Pass
06/10/2014 14:14:21 devpinoyLogger click
06/10/2014 14:21:35 devpinoyLogger Error while clicking on link -  CCS_PropertyClickorg.openqa.selenium.remote.UnreachableBrowserException: Error communicating with the remote browser. It may have died.
Build info: version: '2.39.0', revision: 'ff23eac', time: '2013-12-16 16:12:12'
System info: host: 'RPIPL2-DT-DV018', ip: '192.168.129.109', os.name: 'Windows 7', os.arch: 'x86', os.version: '6.1', java.version: '1.8.0_20'
Driver info: driver.version: Keywords_Driver
	at org.openqa.selenium.remote.RemoteWebDriver.execute(RemoteWebDriver.java:548)
	at org.openqa.selenium.remote.RemoteWebDriver.findElement(RemoteWebDriver.java:307)
	at org.openqa.selenium.remote.RemoteWebDriver.findElementByXPath(RemoteWebDriver.java:404)
	at org.openqa.selenium.By$ByXPath.findElement(By.java:363)
	at org.openqa.selenium.remote.RemoteWebDriver.findElement(RemoteWebDriver.java:299)
	at testscripts.Keywords_Driver.click(Keywords_Driver.java:294)
	at sun.reflect.GeneratedMethodAccessor9.invoke(Unknown Source)
	at sun.reflect.DelegatingMethodAccessorImpl.invoke(DelegatingMethodAccessorImpl.java:43)
	at java.lang.reflect.Method.invoke(Method.java:483)
	at testscripts.Driverscript.AppTest(Driverscript.java:100)
	at sun.reflect.NativeMethodAccessorImpl.invoke0(Native Method)
	at sun.reflect.NativeMethodAccessorImpl.invoke(NativeMethodAccessorImpl.java:62)
	at sun.reflect.DelegatingMethodAccessorImpl.invoke(DelegatingMethodAccessorImpl.java:43)
	at java.lang.reflect.Method.invoke(Method.java:483)
	at org.testng.internal.MethodInvocationHelper.invokeMethod(MethodInvocationHelper.java:84)
	at org.testng.internal.Invoker.invokeMethod(Invoker.java:714)
	at org.testng.internal.Invoker.invokeTestMethod(Invoker.java:901)
	at org.testng.internal.Invoker.invokeTestMethods(Invoker.java:1231)
	at org.testng.internal.TestMethodWorker.invokeTestMethods(TestMethodWorker.java:127)
	at org.testng.internal.TestMethodWorker.run(TestMethodWorker.java:111)
	at org.testng.TestRunner.privateRun(TestRunner.java:767)
	at org.testng.TestRunner.run(TestRunner.java:617)
	at org.testng.SuiteRunner.runTest(SuiteRunner.java:334)
	at org.testng.SuiteRunner.runSequentially(SuiteRunner.java:329)
	at org.testng.SuiteRunner.privateRun(SuiteRunner.java:291)
	at org.testng.SuiteRunner.run(SuiteRunner.java:240)
	at org.testng.SuiteRunnerWorker.runSuite(SuiteRunnerWorker.java:52)
	at org.testng.SuiteRunnerWorker.run(SuiteRunnerWorker.java:86)
	at org.testng.TestNG.runSuitesSequentially(TestNG.java:1224)
	at org.testng.TestNG.runSuitesLocally(TestNG.java:1149)
	at org.testng.TestNG.run(TestNG.java:1057)
	at org.testng.TestNG.privateMain(TestNG.java:1364)
	at org.testng.TestNG.main(TestNG.java:1333)
Caused by: java.net.ConnectException: Connection refused: connect
	at java.net.DualStackPlainSocketImpl.waitForConnect(Native Method)
	at java.net.DualStackPlainSocketImpl.socketConnect(DualStackPlainSocketImpl.java:85)
	at java.net.AbstractPlainSocketImpl.doConnect(AbstractPlainSocketImpl.java:345)
	at java.net.AbstractPlainSocketImpl.connectToAddress(AbstractPlainSocketImpl.java:206)
	at java.net.AbstractPlainSocketImpl.connect(AbstractPlainSocketImpl.java:188)
	at java.net.PlainSocketImpl.connect(PlainSocketImpl.java:172)
	at java.net.SocksSocketImpl.connect(SocksSocketImpl.java:392)
	at java.net.Socket.connect(Socket.java:589)
	at org.apache.http.conn.scheme.PlainSocketFactory.connectSocket(PlainSocketFactory.java:117)
	at org.apache.http.impl.conn.DefaultClientConnectionOperator.openConnection(DefaultClientConnectionOperator.java:178)
	at org.apache.http.impl.conn.AbstractPoolEntry.open(AbstractPoolEntry.java:144)
	at org.apache.http.impl.conn.AbstractPooledConnAdapter.open(AbstractPooledConnAdapter.java:131)
	at org.apache.http.impl.client.DefaultRequestDirector.tryConnect(DefaultRequestDirector.java:610)
	at org.apache.http.impl.client.DefaultRequestDirector.execute(DefaultRequestDirector.java:445)
	at org.apache.http.impl.client.AbstractHttpClient.doExecute(AbstractHttpClient.java:863)
	at org.apache.http.impl.client.CloseableHttpClient.execute(CloseableHttpClient.java:72)
	at org.apache.http.impl.client.CloseableHttpClient.execute(CloseableHttpClient.java:57)
	at org.openqa.selenium.remote.HttpCommandExecutor.fallBackExecute(HttpCommandExecutor.java:337)
	at org.openqa.selenium.remote.HttpCommandExecutor.execute(HttpCommandExecutor.java:298)
	at org.openqa.selenium.firefox.internal.NewProfileExtensionConnection.execute(NewProfileExtensionConnection.java:165)
	at org.openqa.selenium.firefox.FirefoxDriver$LazyCommandExecutor.execute(FirefoxDriver.java:366)
	at org.openqa.selenium.remote.RemoteWebDriver.execute(RemoteWebDriver.java:527)
	... 32 more

06/10/2014 14:21:35 devpinoyLogger ************Result of execution************** Fail
06/10/2014 14:21:36 devpinoyLogger org.openqa.selenium.remote.UnreachableBrowserException: Error communicating with the remote browser. It may have died.
Build info: version: '2.39.0', revision: 'ff23eac', time: '2013-12-16 16:12:12'
System info: host: 'RPIPL2-DT-DV018', ip: '192.168.129.109', os.name: 'Windows 7', os.arch: 'x86', os.version: '6.1', java.version: '1.8.0_20'
Driver info: driver.version: FirefoxDriver
06/10/2014 14:21:38 devpinoyLogger Test suite end time 02:21:38 PM
